[colorlib.com/etc/cs/comingsoon_01/indexc1ee.html]
[backblue.gif]
[fade.gif]
[index.html]
[colorlib.com/etc/cs/comingsoon_01/images/icons/favicon.ico]
[colorlib.com/etc/cs/comingsoon_01/vendor/bootstrap/css/bootstrap.min.css]
[colorlib.com/etc/cs/comingsoon_01/fonts/font-awesome-4.7.0/css/font-awesome.min.css]
[colorlib.com/etc/cs/comingsoon_01/vendor/animate/animate.css]
[colorlib.com/etc/cs/comingsoon_01/vendor/select2/select2.min.css]
[colorlib.com/etc/cs/comingsoon_01/css/util.css]
[colorlib.com/etc/cs/comingsoon_01/css/main.css]
[colorlib.com/etc/cs/comingsoon_01/images/bg01.jpg]
[colorlib.com/etc/cs/comingsoon_01/images/icons/logo.png]
[colorlib.com/etc/cs/comingsoon_01/vendor/jquery/jquery-3.2.1.min.js]
[colorlib.com/etc/cs/comingsoon_01/vendor/bootstrap/js/popper.js]
[colorlib.com/etc/cs/comingsoon_01/vendor/bootstrap/js/bootstrap.min.js]
[colorlib.com/etc/cs/comingsoon_01/vendor/select2/select2.min.js]
[colorlib.com/etc/cs/comingsoon_01/vendor/countdowntime/moment.min.js]
[colorlib.com/etc/cs/comingsoon_01/vendor/countdowntime/moment-timezone.min.js]
[colorlib.com/etc/cs/comingsoon_01/vendor/countdowntime/moment-timezone-with-data.min.js]
[colorlib.com/etc/cs/comingsoon_01/vendor/countdowntime/countdowntime.js]
[colorlib.com/etc/cs/comingsoon_01/vendor/tilt/tilt.jquery.min.js]
[colorlib.com/etc/cs/comingsoon_01/indexc1ee.html]
[colorlib.com/etc/cs/comingsoon_01/vendor/bootstrap/css/bootstrap.min.css]
[colorlib.com/etc/cs/comingsoon_01/js/main.js]
[colorlib.com/etc/cs/comingsoon_01/fonts/font-awesome-4.7.0/fonts/fontawesome-webfont3e6e.eot]
[colorlib.com/etc/cs/comingsoon_01/fonts/font-awesome-4.7.0/fonts/fontawesome-webfont3e6e.woff2]
[colorlib.com/etc/cs/comingsoon_01/fonts/font-awesome-4.7.0/fonts/fontawesome-webfontd41d.eot]
[colorlib.com/etc/cs/comingsoon_01/fonts/font-awesome-4.7.0/fonts/fontawesome-webfont3e6e.woff]
[colorlib.com/etc/cs/comingsoon_01/fonts/font-awesome-4.7.0/css/font-awesome.min.css]
[colorlib.com/etc/cs/comingsoon_01/vendor/animate/animate.css]
[colorlib.com/etc/cs/comingsoon_01/vendor/select2/select2.min.css]
[colorlib.com/etc/cs/comingsoon_01/css/util.css]
[colorlib.com/etc/cs/comingsoon_01/fonts/font-awesome-4.7.0/fonts/fontawesome-webfont3e6e.ttf]
[colorlib.com/etc/cs/comingsoon_01/fonts/font-awesome-4.7.0/fonts/fontawesome-webfont3e6e.svg]
[colorlib.com/etc/cs/comingsoon_01/fonts/Poppins/Poppins-Regular.ttf]
[colorlib.com/etc/cs/comingsoon_01/fonts/Poppins/Poppins-Bold.ttf]
[colorlib.com/etc/cs/comingsoon_01/fonts/Lato/Lato-Regular.ttf]
[colorlib.com/etc/cs/comingsoon_01/fonts/Lato/Lato-Bold.ttf]
[colorlib.com/etc/cs/comingsoon_01/css/main.css]
[colorlib.com/etc/cs/comingsoon_01/fonts/font-awesome-4.7.0/fonts/fontawesome-webfont3e6e.svg]
